[19:39:00] [ServerMain/INFO]: Building unoptimized datafixer
[19:39:03] [ServerMain/INFO]: Environment: authHost='https://authserver.mojang.com', accountsHost='https://api.mojang.com', sessionHost='https://sessionserver.mojang.com', servicesHost='https://api.minecraftservices.com', name='PROD'
[19:39:06] [ServerMain/INFO]: Loaded 7 recipes
[19:39:09] [Server thread/INFO]: Starting minecraft server version 1.19
[19:39:09] [Server thread/INFO]: Loading properties
[19:39:09] [Server thread/INFO]: This server is running Paper version git-Paper-58 (MC: 1.19) (Implementing API version 1.19-R0.1-SNAPSHOT) (Git: e294802)
[19:39:09] [Server thread/INFO]: Server Ping Player Sample Count: 12
[19:39:09] [Server thread/INFO]: Using 4 threads for Netty based IO
[19:39:10] [Server console handler/ERROR]: [TerminalConsole] Failed to read console input
java.io.IOException: Bad file descriptor
	at java.io.FileInputStream.readBytes(Native Method) ~[?:?]
	at java.io.FileInputStream.read(FileInputStream.java:276) ~[?:?]
	at java.io.BufferedInputStream.read1(BufferedInputStream.java:282) ~[?:?]
	at java.io.BufferedInputStream.read(BufferedInputStream.java:343) ~[?:?]
	at sun.nio.cs.StreamDecoder.readBytes(StreamDecoder.java:270) ~[?:?]
	at sun.nio.cs.StreamDecoder.implRead(StreamDecoder.java:313) ~[?:?]
	at sun.nio.cs.StreamDecoder.read(StreamDecoder.java:188) ~[?:?]
	at java.io.InputStreamReader.read(InputStreamReader.java:177) ~[?:?]
	at java.io.BufferedReader.fill(BufferedReader.java:162) ~[?:?]
	at java.io.BufferedReader.readLine(BufferedReader.java:329) ~[?:?]
	at java.io.BufferedReader.readLine(BufferedReader.java:396) ~[?:?]
	at net.minecrell.terminalconsole.SimpleTerminalConsole.readCommands(SimpleTerminalConsole.java:180) ~[terminalconsoleappender-1.3.0.jar:?]
	at net.minecrell.terminalconsole.SimpleTerminalConsole.start(SimpleTerminalConsole.java:143) ~[terminalconsoleappender-1.3.0.jar:?]
	at net.minecraft.server.dedicated.DedicatedServer$1.run(DedicatedServer.java:107) ~[paper-1.19.jar:git-Paper-58]
[19:39:10] [Server thread/INFO]: Default game type: SURVIVAL
[19:39:10] [Server thread/INFO]: Generating keypair
[19:39:10] [Server thread/INFO]: Starting Minecraft server on *:25565
[19:39:10] [Server thread/INFO]: Using epoll channel type
[19:39:10] [Server thread/INFO]: Paper: Using libdeflate (Linux x86_64) compression from Velocity.
[19:39:10] [Server thread/INFO]: Paper: Using OpenSSL 1.1.x (Linux x86_64) cipher from Velocity.
[19:39:11] [Server thread/INFO]: Server permissions file permissions.yml is empty, ignoring it
[19:39:11] [Server thread/INFO]: Preparing level "world"
[19:39:29] [Server thread/INFO]: Preparing start region for dimension minecraft:overworld
[19:39:30] [Server thread/INFO]: Preparing spawn area: 0%
[19:39:30] [Server thread/INFO]: Preparing spawn area: 0%
[19:39:31] [Server thread/INFO]: Preparing spawn area: 0%
[19:39:31] [Server thread/INFO]: Preparing spawn area: 0%
[19:39:31] [Server thread/INFO]: Preparing spawn area: 0%
[19:39:32] [Server thread/INFO]: Preparing spawn area: 0%
[19:39:32] [Server thread/INFO]: Preparing spawn area: 0%
[19:39:33] [Server thread/INFO]: Preparing spawn area: 0%
[19:39:33] [Server thread/INFO]: Preparing spawn area: 0%
[19:39:34] [Server thread/INFO]: Time elapsed: 4279 ms
[19:39:34] [Server thread/INFO]: Preparing start region for dimension minecraft:the_nether
[19:39:34] [Server thread/INFO]: Preparing spawn area: 0%
[19:39:34] [Server thread/INFO]: Preparing spawn area: 0%
[19:39:35] [Server thread/INFO]: Preparing spawn area: 0%
[19:39:35] [Server thread/INFO]: Preparing spawn area: 0%
[19:39:36] [Server thread/INFO]: Preparing spawn area: 0%
[19:39:36] [Server thread/INFO]: Preparing spawn area: 0%
[19:39:36] [Server thread/INFO]: Time elapsed: 2674 ms
[19:39:36] [Server thread/INFO]: Preparing start region for dimension minecraft:the_end
[19:39:36] [Server thread/INFO]: Preparing spawn area: 0%
[19:39:37] [Server thread/INFO]: Preparing spawn area: 0%
[19:39:37] [Server thread/INFO]: Preparing spawn area: 0%
[19:39:38] [Server thread/INFO]: Preparing spawn area: 0%
[19:39:38] [Server thread/INFO]: Time elapsed: 1808 ms
[19:39:38] [Server thread/INFO]: Starting remote control listener
[19:39:38] [Server thread/INFO]: Thread RCON Listener started
[19:39:38] [Server thread/INFO]: RCON running on 0.0.0.0:25575
[19:39:38] [Server thread/INFO]: Running delayed init tasks
[19:39:38] [Server thread/INFO]: Done (29.094s)! For help, type "help"
[19:39:38] [Server thread/INFO]: Timings Reset
[19:39:54] [User Authenticator #1/INFO]: UUID of player LegenderyBeast is 6117f24b-2757-46ab-b4cf-5addf9dde8f3
[19:39:55] [Server thread/INFO]: LegenderyBeast joined the game
[19:39:55] [Server thread/INFO]: LegenderyBeast[/77.127.165.105:62516] logged in with entity id 124 at ([world]160.6839252112491, 63.0, -2419.300000011921)
[19:40:07] [Server thread/INFO]: LegenderyBeast issued server command: /save-all
[19:40:11] [Server thread/INFO]: [LegenderyBeast: Saved the game]
[19:40:11] [Server thread/WARN]: Can't keep up! Is the server overloaded? Running 7912ms or 158 ticks behind
[20:05:08] [Server thread/INFO]: LegenderyBeast issued server command: /gamerule randomTickSpeed
[20:05:13] [Server thread/INFO]: LegenderyBeast issued server command: /gamerule randomTickSpeed 200
[20:05:13] [Server thread/INFO]: [LegenderyBeast: Gamerule randomTickSpeed is now set to: 200]
[20:05:23] [Server thread/INFO]: LegenderyBeast issued server command: /gamerule randomTickSpeed 3
[20:05:23] [Server thread/INFO]: [LegenderyBeast: Gamerule randomTickSpeed is now set to: 3]
[20:12:37] [Server thread/INFO]: LegenderyBeast issued server command: /save-all
[20:12:37] [Server thread/INFO]: [LegenderyBeast: Saved the game]
[20:13:15] [Server thread/INFO]: LegenderyBeast issued server command: /stop
[20:13:15] [Server thread/INFO]: [LegenderyBeast: Stopping the server]
[20:13:15] [Server thread/INFO]: Stopping server
[20:13:15] [Server thread/INFO]: Saving players
[20:13:15] [Server thread/INFO]: LegenderyBeast lost connection: Server closed
[20:13:15] [Server thread/INFO]: LegenderyBeast left the game
[20:13:15] [Server thread/INFO]: Saving worlds
[20:13:19] [Server thread/INFO]: Saving chunks for level 'ServerLevel[world]'/minecraft:overworld
[20:13:21] [Server thread/INFO]: Saving chunks for level 'ServerLevel[world_nether]'/minecraft:the_nether
[20:13:21] [Server thread/INFO]: Saving chunks for level 'ServerLevel[world_the_end]'/minecraft:the_end
[20:13:21] [Server thread/INFO]: ThreadedAnvilChunkStorage (world): All chunks are saved
[20:13:21] [Server thread/INFO]: ThreadedAnvilChunkStorage (DIM-1): All chunks are saved
[20:13:21] [Server thread/INFO]: ThreadedAnvilChunkStorage (DIM1): All chunks are saved
[20:13:21] [Server thread/INFO]: ThreadedAnvilChunkStorage: All dimensions are saved
[20:13:22] [Server thread/INFO]: Flushing Chunk IO
[20:13:22] [Server thread/INFO]: Closing Thread Pool
[20:13:22] [Server thread/INFO]: Closing Server
